Сборка начата 13.05.2022 13:06:39.
Уровень детализации журнала: Normal.     1>Проект "F:\лабы\КПО\9 лаба\kpo_lab9\kpo_lab9\kpo_lab9.vcxproj" в узле 2 (целевые объекты Build).
     1>PrepareForBuild:
         Создание каталога "F:\лабы\КПО\9 лаба\kpo_lab9\Debug\".
         Создание каталога "Debug\kpo_lab9.tlog\".
       InitializeBuildStatus:
         Создание "Debug\kpo_lab9.tlog\unsuccessfulbuild", так как было задано "AlwaysCreate".
       ClCompile:
         C:\Program Files (x86)\Microsoft Visual Studio\2019\Community\VC\Tools\MSVC\14.29.30133\bin\HostX86\x86\CL.exe /c /ZI /JMC /nologo /W3 /WX- /diagnostics:column /sdl /Od /Oy- /D WIN32 /D _DEBUG /D _CONSOLE /D _UNICODE /D UNICODE /Gm- /EHsc /RTC1 /MDd /GS /fp:precise /permissive- /Zc:wchar_t /Zc:forScope /Zc:inline /Fo"Debug\\" /Fd"Debug\vc142.pdb" /external:W3 /Gd /TP /analyze- /FC /errorReport:prompt kpo_lab9.cpp
         kpo_lab9.cpp
       Link:
         C:\Program Files (x86)\Microsoft Visual Studio\2019\Community\VC\Tools\MSVC\14.29.30133\bin\HostX86\x86\link.exe /ERRORREPORT:PROMPT /OUT:"F:\лабы\КПО\9 лаба\kpo_lab9\Debug\kpo_lab9.exe" /INCREMENTAL /ILK:"Debug\kpo_lab9.ilk" /NOLOGO kernel32.lib user32.lib gdi32.lib winspool.lib comdlg32.lib advapi32.lib shell32.lib ole32.lib oleaut32.lib uuid.lib odbc32.lib odbccp32.lib /MANIFEST /MANIFESTUAC:"level='asInvoker' uiAccess='false'" /manifest:embed /DEBUG /PDB:"F:\лабы\КПО\9 лаба\kpo_lab9\Debug\kpo_lab9.pdb" /SUBSYSTEM:CONSOLE /TLBID:1 /DYNAMICBASE /NXCOMPAT /IMPLIB:"F:\лабы\КПО\9 лаба\kpo_lab9\Debug\kpo_lab9.lib" /MACHINE:X86 Debug\kpo_lab9.obj
         kpo_lab9.vcxproj -> F:\лабы\КПО\9 лаба\kpo_lab9\Debug\kpo_lab9.exe
       FinalizeBuildStatus:
         Файл "Debug\kpo_lab9.tlog\unsuccessfulbuild" удаляется.
         Обращение к "Debug\kpo_lab9.tlog\kpo_lab9.lastbuildstate".
     1>Сборка проекта "F:\лабы\КПО\9 лаба\kpo_lab9\kpo_lab9\kpo_lab9.vcxproj" завершена (целевые объекты Build).

Сборка успешно завершена.
    Предупреждений: 0
    Ошибок: 0

Прошло времени 00:00:01.78
