Сборка начата 20.02.2022 22:10:04.
Уровень детализации журнала: Normal.     1>Проект "F:\лабы\КПО\2 лаба\SE_Lab02\SE_Lab02\SE_Lab02.vcxproj" в узле 2 (целевые объекты Build).
     1>PrepareForBuild:
         Создание каталога "F:\лабы\КПО\2 лаба\SE_Lab02\Release\".
         Создание каталога "Release\SE_Lab02.tlog\".
       InitializeBuildStatus:
         Создание "Release\SE_Lab02.tlog\unsuccessfulbuild", так как было задано "AlwaysCreate".
       ClCompile:
         C:\Program Files (x86)\Microsoft Visual Studio\2019\Community\VC\Tools\MSVC\14.29.30133\bin\HostX86\x86\CL.exe /c /Zi /nologo /W3 /WX- /diagnostics:column /sdl /O2 /Oi /Oy- /GL /D WIN32 /D NDEBUG /D _CONSOLE /D _UNICODE /D UNICODE /Gm- /EHsc /MD /GS /Gy /fp:precise /permissive- /Zc:wchar_t /Zc:forScope /Zc:inline /Fo"Release\\" /Fd"Release\vc142.pdb" /external:W3 /Gd /TP /analyze- /FC /errorReport:prompt Func_mul.cpp Func_sub.cpp Func_sum.cpp SE_Lab02.cpp
         Func_mul.cpp
         Func_sub.cpp
         Func_sum.cpp
         SE_Lab02.cpp
       Link:
         C:\Program Files (x86)\Microsoft Visual Studio\2019\Community\VC\Tools\MSVC\14.29.30133\bin\HostX86\x86\link.exe /ERRORREPORT:PROMPT /OUT:"F:\лабы\КПО\2 лаба\SE_Lab02\Release\SE_Lab02.exe" /INCREMENTAL:NO /NOLOGO kernel32.lib user32.lib gdi32.lib winspool.lib comdlg32.lib advapi32.lib shell32.lib ole32.lib oleaut32.lib uuid.lib odbc32.lib odbccp32.lib /MANIFEST /MANIFESTUAC:"level='asInvoker' uiAccess='false'" /manifest:embed /DEBUG /PDB:"F:\лабы\КПО\2 лаба\SE_Lab02\Release\SE_Lab02.pdb" /SUBSYSTEM:CONSOLE /OPT:REF /OPT:ICF /LTCG:incremental /LTCGOUT:"Release\SE_Lab02.iobj" /TLBID:1 /DYNAMICBASE /NXCOMPAT /IMPLIB:"F:\лабы\КПО\2 лаба\SE_Lab02\Release\SE_Lab02.lib" /MACHINE:X86 /SAFESEH Release\Func_mul.obj
         Release\Func_sub.obj
         Release\Func_sum.obj
         Release\SE_Lab02.obj
         Создание кода
         Previous IPDB not found, fall back to full compilation.
         All 14 functions were compiled because no usable IPDB/IOBJ from previous compilation was found.
         Создание кода завершено
         SE_Lab02.vcxproj -> F:\лабы\КПО\2 лаба\SE_Lab02\Release\SE_Lab02.exe
       FinalizeBuildStatus:
         Файл "Release\SE_Lab02.tlog\unsuccessfulbuild" удаляется.
         Обращение к "Release\SE_Lab02.tlog\SE_Lab02.lastbuildstate".
     1>Сборка проекта "F:\лабы\КПО\2 лаба\SE_Lab02\SE_Lab02\SE_Lab02.vcxproj" завершена (целевые объекты Build).

Сборка успешно завершена.
    Предупреждений: 0
    Ошибок: 0

Прошло времени 00:00:01.86
