Сборка начата 01.03.2022 19:05:19.
Уровень детализации журнала: Normal.     1>Проект "F:\лабы\КПО\3 лаба\SE_Lab03\SE_Lab03\SE_Lab03.vcxproj" в узле 2 (целевые объекты Build).
     1>InitializeBuildStatus:
         Создание "Debug\SE_Lab03.tlog\unsuccessfulbuild", так как было задано "AlwaysCreate".
       ClCompile:
         C:\Program Files (x86)\Microsoft Visual Studio\2019\Community\VC\Tools\MSVC\14.29.30133\bin\HostX86\x86\CL.exe /c /ZI /JMC /nologo /W3 /WX- /diagnostics:column /sdl /Od /Oy- /D WIN32 /D _DEBUG /D _CONSOLE /D _UNICODE /D UNICODE /Gm- /EHsc /RTC1 /MDd /GS /fp:precise /permissive- /Zc:wchar_t /Zc:forScope /Zc:inline /Fo"Debug\\" /Fd"Debug\vc142.pdb" /external:W3 /Gd /TP /analyze- /FC /errorReport:prompt SE_Lab03.cpp
         SE_Lab03.cpp
     1>F:\лабы\КПО\3 лаба\SE_Lab03\SE_Lab03\SE_Lab03.cpp(16,13): warning C4244: =: преобразование "double" в "int", возможна потеря данных
     1>F:\лабы\КПО\3 лаба\SE_Lab03\SE_Lab03\SE_Lab03.cpp(42,19): warning C4309: инициализация: усечение константного значения
     1>F:\лабы\КПО\3 лаба\SE_Lab03\SE_Lab03\SE_Lab03.cpp(73,15): warning C4244: инициализация: преобразование "int" в "float", возможна потеря данных
     1>F:\лабы\КПО\3 лаба\SE_Lab03\SE_Lab03\SE_Lab03.cpp(74,15): warning C4244: инициализация: преобразование "int" в "float", возможна потеря данных
     1>F:\лабы\КПО\3 лаба\SE_Lab03\SE_Lab03\SE_Lab03.cpp(80,15): warning C4244: =: преобразование "double" в "float", возможна потеря данных
     1>F:\лабы\КПО\3 лаба\SE_Lab03\SE_Lab03\SE_Lab03.cpp(78): warning C4723: возможное деление на 0
     1>F:\лабы\КПО\3 лаба\SE_Lab03\SE_Lab03\SE_Lab03.cpp(79): warning C4723: возможное деление на 0
       Link:
         C:\Program Files (x86)\Microsoft Visual Studio\2019\Community\VC\Tools\MSVC\14.29.30133\bin\HostX86\x86\link.exe /ERRORREPORT:PROMPT /OUT:"F:\лабы\КПО\3 лаба\SE_Lab03\Debug\SE_Lab03.exe" /INCREMENTAL /ILK:"Debug\SE_Lab03.ilk" /NOLOGO kernel32.lib user32.lib gdi32.lib winspool.lib comdlg32.lib advapi32.lib shell32.lib ole32.lib oleaut32.lib uuid.lib odbc32.lib odbccp32.lib /MANIFEST /MANIFESTUAC:"level='asInvoker' uiAccess='false'" /manifest:embed /DEBUG /PDB:"F:\лабы\КПО\3 лаба\SE_Lab03\Debug\SE_Lab03.pdb" /SUBSYSTEM:CONSOLE /TLBID:1 /DYNAMICBASE /NXCOMPAT /IMPLIB:"F:\лабы\КПО\3 лаба\SE_Lab03\Debug\SE_Lab03.lib" /MACHINE:X86 Debug\SE_Lab03.obj
         SE_Lab03.vcxproj -> F:\лабы\КПО\3 лаба\SE_Lab03\Debug\SE_Lab03.exe
       FinalizeBuildStatus:
         Файл "Debug\SE_Lab03.tlog\unsuccessfulbuild" удаляется.
         Обращение к "Debug\SE_Lab03.tlog\SE_Lab03.lastbuildstate".
     1>Сборка проекта "F:\лабы\КПО\3 лаба\SE_Lab03\SE_Lab03\SE_Lab03.vcxproj" завершена (целевые объекты Build).

Сборка успешно завершена.

       "F:\лабы\КПО\3 лаба\SE_Lab03\SE_Lab03\SE_Lab03.vcxproj" (целевой объект Build ) (1) ->
       (Целевой объект ClCompile) -> 
         F:\лабы\КПО\3 лаба\SE_Lab03\SE_Lab03\SE_Lab03.cpp(16,13): warning C4244: =: преобразование "double" в "int", возможна потеря данных
         F:\лабы\КПО\3 лаба\SE_Lab03\SE_Lab03\SE_Lab03.cpp(42,19): warning C4309: инициализация: усечение константного значения
         F:\лабы\КПО\3 лаба\SE_Lab03\SE_Lab03\SE_Lab03.cpp(73,15): warning C4244: инициализация: преобразование "int" в "float", возможна потеря данных
         F:\лабы\КПО\3 лаба\SE_Lab03\SE_Lab03\SE_Lab03.cpp(74,15): warning C4244: инициализация: преобразование "int" в "float", возможна потеря данных
         F:\лабы\КПО\3 лаба\SE_Lab03\SE_Lab03\SE_Lab03.cpp(80,15): warning C4244: =: преобразование "double" в "float", возможна потеря данных
         F:\лабы\КПО\3 лаба\SE_Lab03\SE_Lab03\SE_Lab03.cpp(78): warning C4723: возможное деление на 0
         F:\лабы\КПО\3 лаба\SE_Lab03\SE_Lab03\SE_Lab03.cpp(79): warning C4723: возможное деление на 0

    Предупреждений: 7
    Ошибок: 0

Прошло времени 00:00:01.38
