Сборка начата 22.02.2022 18:16:04.
Уровень детализации журнала: Normal.     1>Проект "F:\лабы\КПО\2 лаба\SE_Lab02\SE_Lab02\SE_Lab02.vcxproj" в узле 2 (целевые объекты Rebuild).
     1>_PrepareForClean:
         Файл "Debug\SE_Lab02.tlog\SE_Lab02.lastbuildstate" удаляется.
       InitializeBuildStatus:
         Создание "Debug\SE_Lab02.tlog\unsuccessfulbuild", так как было задано "AlwaysCreate".
       ClCompile:
         C:\Program Files (x86)\Microsoft Visual Studio\2019\Community\VC\Tools\MSVC\14.29.30133\bin\HostX86\x86\CL.exe /c /ZI /JMC /nologo /W3 /WX- /diagnostics:column /sdl /Od /Oy- /D WIN32 /D _DEBUG /D _CONSOLE /D _UNICODE /D UNICODE /Gm- /EHsc /RTC1 /MDd /GS /fp:precise /permissive- /Zc:wchar_t /Zc:forScope /Zc:inline /Fo"Debug\\" /Fd"Debug\vc142.pdb" /external:W3 /Gd /TP /analyze- /FC /errorReport:prompt Func_mul.cpp Func_sub.cpp Func_sum.cpp SE_Lab02.cpp
         Func_mul.cpp
         Func_sub.cpp
         Func_sum.cpp
         SE_Lab02.cpp
         Создание кода...
       Link:
         C:\Program Files (x86)\Microsoft Visual Studio\2019\Community\VC\Tools\MSVC\14.29.30133\bin\HostX86\x86\link.exe /ERRORREPORT:PROMPT /OUT:"F:\лабы\КПО\2 лаба\SE_Lab02\Debug\SE_Lab02.exe" /INCREMENTAL /ILK:"Debug\SE_Lab02.ilk" /NOLOGO kernel32.lib user32.lib gdi32.lib winspool.lib comdlg32.lib advapi32.lib shell32.lib ole32.lib oleaut32.lib uuid.lib odbc32.lib odbccp32.lib /MANIFEST /MANIFESTUAC:"level='asInvoker' uiAccess='false'" /manifest:embed /DEBUG /PDB:"F:\лабы\КПО\2 лаба\SE_Lab02\Debug\SE_Lab02.pdb" /SUBSYSTEM:CONSOLE /TLBID:1 /DYNAMICBASE /NXCOMPAT /IMPLIB:"F:\лабы\КПО\2 лаба\SE_Lab02\Debug\SE_Lab02.lib" /MACHINE:X86 Debug\Func_mul.obj
         Debug\Func_sub.obj
         Debug\Func_sum.obj
         Debug\SE_Lab02.obj
         SE_Lab02.vcxproj -> F:\лабы\КПО\2 лаба\SE_Lab02\Debug\SE_Lab02.exe
       FinalizeBuildStatus:
         Файл "Debug\SE_Lab02.tlog\unsuccessfulbuild" удаляется.
         Обращение к "Debug\SE_Lab02.tlog\SE_Lab02.lastbuildstate".
     1>Сборка проекта "F:\лабы\КПО\2 лаба\SE_Lab02\SE_Lab02\SE_Lab02.vcxproj" завершена (целевые объекты Rebuild).

Сборка успешно завершена.
    Предупреждений: 0
    Ошибок: 0

Прошло времени 00:00:02.03
