Сборка начата 22.03.2022 18:10:41.
Уровень детализации журнала: Normal.     1>Проект "F:\лабы\КПО\3 лаба\SE_Lab03\SE_Lab03\SE_Lab03.vcxproj" в узле 2 (целевые объекты Build).
     1>InitializeBuildStatus:
         Создание "x64\Debug\SE_Lab03.tlog\unsuccessfulbuild", так как было задано "AlwaysCreate".
       ClCompile:
         C:\Program Files (x86)\Microsoft Visual Studio\2019\Community\VC\Tools\MSVC\14.29.30133\bin\HostX86\x64\CL.exe /c /ZI /JMC /nologo /W3 /WX- /diagnostics:column /sdl /Od /D _DEBUG /D _CONSOLE /D _UNICODE /D UNICODE /Gm- /EHsc /RTC1 /MDd /GS /fp:precise /permissive- /Zc:wchar_t /Zc:forScope /Zc:inline /Fo"x64\Debug\\" /Fd"x64\Debug\vc142.pdb" /external:W3 /Gd /TP /FC /errorReport:prompt SE_Lab03.cpp
         SE_Lab03.cpp
     1>F:\лабы\КПО\3 лаба\SE_Lab03\SE_Lab03\SE_Lab03.cpp(23,13): warning C4244: =: преобразование "double" в "int", возможна потеря данных
     1>F:\лабы\КПО\3 лаба\SE_Lab03\SE_Lab03\SE_Lab03.cpp(50,19): warning C4309: инициализация: усечение константного значения
     1>F:\лабы\КПО\3 лаба\SE_Lab03\SE_Lab03\SE_Lab03.cpp(96,15): warning C4244: =: преобразование "double" в "float", возможна потеря данных
     1>F:\лабы\КПО\3 лаба\SE_Lab03\SE_Lab03\SE_Lab03.cpp(95): warning C4723: возможное деление на 0
     1>F:\лабы\КПО\3 лаба\SE_Lab03\SE_Lab03\SE_Lab03.cpp(94): warning C4723: возможное деление на 0
       Link:
         C:\Program Files (x86)\Microsoft Visual Studio\2019\Community\VC\Tools\MSVC\14.29.30133\bin\HostX86\x64\link.exe /ERRORREPORT:PROMPT /OUT:"F:\лабы\КПО\3 лаба\SE_Lab03\x64\Debug\SE_Lab03.exe" /INCREMENTAL /ILK:"x64\Debug\SE_Lab03.ilk" /NOLOGO kernel32.lib user32.lib gdi32.lib winspool.lib comdlg32.lib advapi32.lib shell32.lib ole32.lib oleaut32.lib uuid.lib odbc32.lib odbccp32.lib /MANIFEST /MANIFESTUAC:"level='asInvoker' uiAccess='false'" /manifest:embed /DEBUG /PDB:"F:\лабы\КПО\3 лаба\SE_Lab03\x64\Debug\SE_Lab03.pdb" /SUBSYSTEM:CONSOLE /TLBID:1 /DYNAMICBASE /NXCOMPAT /IMPLIB:"F:\лабы\КПО\3 лаба\SE_Lab03\x64\Debug\SE_Lab03.lib" /MACHINE:X64 x64\Debug\SE_Lab03.obj
         SE_Lab03.vcxproj -> F:\лабы\КПО\3 лаба\SE_Lab03\x64\Debug\SE_Lab03.exe
       FinalizeBuildStatus:
         Файл "x64\Debug\SE_Lab03.tlog\unsuccessfulbuild" удаляется.
         Обращение к "x64\Debug\SE_Lab03.tlog\SE_Lab03.lastbuildstate".
     1>Сборка проекта "F:\лабы\КПО\3 лаба\SE_Lab03\SE_Lab03\SE_Lab03.vcxproj" завершена (целевые объекты Build).

Сборка успешно завершена.

       "F:\лабы\КПО\3 лаба\SE_Lab03\SE_Lab03\SE_Lab03.vcxproj" (целевой объект Build ) (1) ->
       (Целевой объект ClCompile) -> 
         F:\лабы\КПО\3 лаба\SE_Lab03\SE_Lab03\SE_Lab03.cpp(23,13): warning C4244: =: преобразование "double" в "int", возможна потеря данных
         F:\лабы\КПО\3 лаба\SE_Lab03\SE_Lab03\SE_Lab03.cpp(50,19): warning C4309: инициализация: усечение константного значения
         F:\лабы\КПО\3 лаба\SE_Lab03\SE_Lab03\SE_Lab03.cpp(96,15): warning C4244: =: преобразование "double" в "float", возможна потеря данных
         F:\лабы\КПО\3 лаба\SE_Lab03\SE_Lab03\SE_Lab03.cpp(95): warning C4723: возможное деление на 0
         F:\лабы\КПО\3 лаба\SE_Lab03\SE_Lab03\SE_Lab03.cpp(94): warning C4723: возможное деление на 0

    Предупреждений: 5
    Ошибок: 0

Прошло времени 00:00:02.18
