Сборка начата 29.03.2022 18:48:40.
Уровень детализации журнала: Normal.     1>Проект "F:\лабы\КПО\4 лаба\версия 2\kpo_lab4v2\kpo_lab4v2\kpo_lab4v2.vcxproj" в узле 2 (целевые объекты Build).
     1>InitializeBuildStatus:
         Создание "Debug\kpo_lab4v2.tlog\unsuccessfulbuild", так как было задано "AlwaysCreate".
       ClCompile:
         C:\Program Files (x86)\Microsoft Visual Studio\2019\Community\VC\Tools\MSVC\14.29.30133\bin\HostX86\x86\CL.exe /c /ZI /JMC /nologo /W3 /WX- /diagnostics:column /sdl /Od /Oy- /D WIN32 /D _DEBUG /D _CONSOLE /D _UNICODE /D UNICODE /Gm- /EHsc /RTC1 /MDd /GS /fp:precise /permissive- /Zc:wchar_t /Zc:forScope /Zc:inline /Fo"Debug\\" /Fd"Debug\vc142.pdb" /external:W3 /Gd /TP /analyze- /FC /errorReport:prompt kpo_lab4v2.cpp
         kpo_lab4v2.cpp
     1>F:\лабы\КПО\4 лаба\версия 2\kpo_lab4v2\kpo_lab4v2\kpo_lab4v2.cpp(105,38): warning C4244: +=: преобразование "double" в "int", возможна потеря данных
     1>F:\лабы\КПО\4 лаба\версия 2\kpo_lab4v2\kpo_lab4v2\kpo_lab4v2.cpp(109,37): warning C4244: +=: преобразование "double" в "int", возможна потеря данных
     1>F:\лабы\КПО\4 лаба\версия 2\kpo_lab4v2\kpo_lab4v2\kpo_lab4v2.cpp(114,39): warning C4244: +=: преобразование "double" в "int", возможна потеря данных
       Link:
         C:\Program Files (x86)\Microsoft Visual Studio\2019\Community\VC\Tools\MSVC\14.29.30133\bin\HostX86\x86\link.exe /ERRORREPORT:PROMPT /OUT:"F:\лабы\КПО\4 лаба\версия 2\kpo_lab4v2\Debug\kpo_lab4v2.exe" /INCREMENTAL /ILK:"Debug\kpo_lab4v2.ilk" /NOLOGO kernel32.lib user32.lib gdi32.lib winspool.lib comdlg32.lib advapi32.lib shell32.lib ole32.lib oleaut32.lib uuid.lib odbc32.lib odbccp32.lib /MANIFEST /MANIFESTUAC:"level='asInvoker' uiAccess='false'" /manifest:embed /DEBUG /PDB:"F:\лабы\КПО\4 лаба\версия 2\kpo_lab4v2\Debug\kpo_lab4v2.pdb" /SUBSYSTEM:CONSOLE /TLBID:1 /DYNAMICBASE /NXCOMPAT /IMPLIB:"F:\лабы\КПО\4 лаба\версия 2\kpo_lab4v2\Debug\kpo_lab4v2.lib" /MACHINE:X86 Debug\kpo_lab4v2.obj
         kpo_lab4v2.vcxproj -> F:\лабы\КПО\4 лаба\версия 2\kpo_lab4v2\Debug\kpo_lab4v2.exe
       FinalizeBuildStatus:
         Файл "Debug\kpo_lab4v2.tlog\unsuccessfulbuild" удаляется.
         Обращение к "Debug\kpo_lab4v2.tlog\kpo_lab4v2.lastbuildstate".
     1>Сборка проекта "F:\лабы\КПО\4 лаба\версия 2\kpo_lab4v2\kpo_lab4v2\kpo_lab4v2.vcxproj" завершена (целевые объекты Build).

Сборка успешно завершена.

       "F:\лабы\КПО\4 лаба\версия 2\kpo_lab4v2\kpo_lab4v2\kpo_lab4v2.vcxproj" (целевой объект Build ) (1) ->
       (Целевой объект ClCompile) -> 
         F:\лабы\КПО\4 лаба\версия 2\kpo_lab4v2\kpo_lab4v2\kpo_lab4v2.cpp(105,38): warning C4244: +=: преобразование "double" в "int", возможна потеря данных
         F:\лабы\КПО\4 лаба\версия 2\kpo_lab4v2\kpo_lab4v2\kpo_lab4v2.cpp(109,37): warning C4244: +=: преобразование "double" в "int", возможна потеря данных
         F:\лабы\КПО\4 лаба\версия 2\kpo_lab4v2\kpo_lab4v2\kpo_lab4v2.cpp(114,39): warning C4244: +=: преобразование "double" в "int", возможна потеря данных

    Предупреждений: 3
    Ошибок: 0

Прошло времени 00:00:02.58
