Сборка начата 03.05.2022 21:54:16.
Уровень детализации журнала: Normal.     1>Проект "F:\лабы\КПО\6 лаба\kpo_lab6\kpo_lab6\kpo_lab6.vcxproj" в узле 2 (целевые объекты Build).
     1>InitializeBuildStatus:
         Обращение к "Debug\kpo_lab6.tlog\unsuccessfulbuild".
       ClCompile:
         C:\Program Files (x86)\Microsoft Visual Studio\2019\Community\VC\Tools\MSVC\14.29.30133\bin\HostX86\x86\CL.exe /c /ZI /JMC /nologo /W3 /WX- /diagnostics:column /sdl /Od /Oy- /D WIN32 /D _DEBUG /D _CONSOLE /D _UNICODE /D UNICODE /Gm- /EHsc /RTC1 /MDd /GS /fp:precise /permissive- /Zc:wchar_t /Zc:forScope /Zc:inline /Fo"Debug\\" /Fd"Debug\vc142.pdb" /external:W3 /Gd /TP /analyze- /FC /errorReport:prompt Dictionary.cpp kpo_lab6.cpp
         Dictionary.cpp
     1>F:\лабы\КПО\6 лаба\kpo_lab6\kpo_lab6\Dictionary.cpp(61,23): warning C4018: <: несоответствие типов со знаком и без знака
     1>F:\лабы\КПО\6 лаба\kpo_lab6\kpo_lab6\Dictionary.cpp(77,23): warning C4018: <: несоответствие типов со знаком и без знака
         kpo_lab6.cpp
         Создание кода...
     1>F:\лабы\КПО\6 лаба\kpo_lab6\kpo_lab6\Dictionary.cpp(85): warning C4715: Dictionary::GetEntry: значение возвращается не при всех путях выполнения
       Link:
         C:\Program Files (x86)\Microsoft Visual Studio\2019\Community\VC\Tools\MSVC\14.29.30133\bin\HostX86\x86\link.exe /ERRORREPORT:PROMPT /OUT:"F:\лабы\КПО\6 лаба\kpo_lab6\Debug\kpo_lab6.exe" /INCREMENTAL /ILK:"Debug\kpo_lab6.ilk" /NOLOGO kernel32.lib user32.lib gdi32.lib winspool.lib comdlg32.lib advapi32.lib shell32.lib ole32.lib oleaut32.lib uuid.lib odbc32.lib odbccp32.lib /MANIFEST /MANIFESTUAC:"level='asInvoker' uiAccess='false'" /manifest:embed /DEBUG /PDB:"F:\лабы\КПО\6 лаба\kpo_lab6\Debug\kpo_lab6.pdb" /SUBSYSTEM:CONSOLE /TLBID:1 /DYNAMICBASE /NXCOMPAT /IMPLIB:"F:\лабы\КПО\6 лаба\kpo_lab6\Debug\kpo_lab6.lib" /MACHINE:X86 Debug\Dictionary.obj
         Debug\kpo_lab6.obj
         kpo_lab6.vcxproj -> F:\лабы\КПО\6 лаба\kpo_lab6\Debug\kpo_lab6.exe
       FinalizeBuildStatus:
         Файл "Debug\kpo_lab6.tlog\unsuccessfulbuild" удаляется.
         Обращение к "Debug\kpo_lab6.tlog\kpo_lab6.lastbuildstate".
     1>Сборка проекта "F:\лабы\КПО\6 лаба\kpo_lab6\kpo_lab6\kpo_lab6.vcxproj" завершена (целевые объекты Build).

Сборка успешно завершена.

       "F:\лабы\КПО\6 лаба\kpo_lab6\kpo_lab6\kpo_lab6.vcxproj" (целевой объект Build ) (1) ->
       (Целевой объект ClCompile) -> 
         F:\лабы\КПО\6 лаба\kpo_lab6\kpo_lab6\Dictionary.cpp(61,23): warning C4018: <: несоответствие типов со знаком и без знака
         F:\лабы\КПО\6 лаба\kpo_lab6\kpo_lab6\Dictionary.cpp(77,23): warning C4018: <: несоответствие типов со знаком и без знака
         F:\лабы\КПО\6 лаба\kpo_lab6\kpo_lab6\Dictionary.cpp(85): warning C4715: Dictionary::GetEntry: значение возвращается не при всех путях выполнения

    Предупреждений: 3
    Ошибок: 0

Прошло времени 00:00:02.23
